{"/home/velvet/git/javascript/statsd/src/utils.js":{"path":"/home/velvet/git/javascript/statsd/src/utils.js","s":{"1":1,"2":1,"3":1,"4":22,"5":1,"6":11,"7":25,"8":1,"9":1,"10":18,"11":17,"12":28,"13":14,"14":6,"15":6,"16":1,"17":5,"18":12,"19":1,"20":4,"21":11,"22":1,"23":3,"24":12,"25":3,"26":1,"27":5,"28":10,"29":10,"30":2,"31":8,"32":1,"33":3,"34":6,"35":6,"36":1,"37":2,"38":2,"39":1,"40":1,"41":1},"b":{"1":[3,8],"2":[2,8],"3":[10,4]},"f":{},"fnMap":{},"statementMap":{"1":{"start":{"line":1,"column":0},"end":{"line":2,"column":30}},"2":{"start":{"line":13,"column":0},"end":{"line":13,"column":35}},"3":{"start":{"line":17,"column":0},"end":{"line":17,"column":124}},"4":{"start":{"line":17,"column":43},"end":{"line":17,"column":123}},"5":{"start":{"line":20,"column":0},"end":{"line":22,"column":89}},"6":{"start":{"line":21,"column":2},"end":{"line":22,"column":88}},"7":{"start":{"line":22,"column":4},"end":{"line":22,"column":71}},"8":{"start":{"line":25,"column":0},"end":{"line":26,"column":97}},"9":{"start":{"line":29,"column":0},"end":{"line":34,"column":77}},"10":{"start":{"line":29,"column":23},"end":{"line":29,"column":55}},"11":{"start":{"line":30,"column":23},"end":{"line":30,"column":55}},"12":{"start":{"line":31,"column":23},"end":{"line":31,"column":58}},"13":{"start":{"line":32,"column":23},"end":{"line":32,"column":59}},"14":{"start":{"line":33,"column":23},"end":{"line":33,"column":72}},"15":{"start":{"line":34,"column":23},"end":{"line":34,"column":77}},"16":{"start":{"line":38,"column":0},"end":{"line":40,"column":66}},"17":{"start":{"line":39,"column":2},"end":{"line":40,"column":65}},"18":{"start":{"line":40,"column":4},"end":{"line":40,"column":48}},"19":{"start":{"line":43,"column":0},"end":{"line":48,"column":21}},"20":{"start":{"line":44,"column":2},"end":{"line":48,"column":20}},"21":{"start":{"line":45,"column":4},"end":{"line":47,"column":68}},"22":{"start":{"line":51,"column":0},"end":{"line":54,"column":2}},"23":{"start":{"line":52,"column":2},"end":{"line":52,"column":111}},"24":{"start":{"line":52,"column":87},"end":{"line":52,"column":109}},"25":{"start":{"line":53,"column":2},"end":{"line":53,"column":91}},"26":{"start":{"line":58,"column":0},"end":{"line":73,"column":21}},"27":{"start":{"line":59,"column":2},"end":{"line":73,"column":20}},"28":{"start":{"line":60,"column":4},"end":{"line":61,"column":96}},"29":{"start":{"line":63,"column":4},"end":{"line":72,"column":16}},"30":{"start":{"line":64,"column":6},"end":{"line":64,"column":67}},"31":{"start":{"line":66,"column":6},"end":{"line":72,"column":16}},"32":{"start":{"line":76,"column":0},"end":{"line":86,"column":21}},"33":{"start":{"line":77,"column":2},"end":{"line":86,"column":20}},"34":{"start":{"line":78,"column":4},"end":{"line":80,"column":74}},"35":{"start":{"line":82,"column":4},"end":{"line":85,"column":67}},"36":{"start":{"line":89,"column":0},"end":{"line":95,"column":2}},"37":{"start":{"line":90,"column":2},"end":{"line":90,"column":43}},"38":{"start":{"line":91,"column":2},"end":{"line":94,"column":25}},"39":{"start":{"line":99,"column":0},"end":{"line":100,"column":76}},"40":{"start":{"line":100,"column":2},"end":{"line":100,"column":75}},"41":{"start":{"line":103,"column":0},"end":{"line":119,"column":1}}},"branchMap":{"1":{"line":45,"type":"cond-expr","locations":[{"start":{"line":46,"column":11},"end":{"line":46,"column":81}},{"start":{"line":47,"column":11},"end":{"line":47,"column":68}}]},"2":{"line":63,"type":"if","locations":[{"start":{"line":63,"column":4},"end":{"line":63,"column":4}},{"start":{"line":63,"column":4},"end":{"line":63,"column":4}}]},"3":{"line":63,"type":"binary-expr","locations":[{"start":{"line":63,"column":8},"end":{"line":63,"column":35}},{"start":{"line":63,"column":39},"end":{"line":63,"column":82}}]}}}}