TN:
SF:/home/velvet/git/javascript/statsd/src/utils.js
FNF:0
FNH:0
DA:1,1
DA:13,1
DA:17,22
DA:20,1
DA:21,11
DA:22,25
DA:25,1
DA:29,18
DA:30,17
DA:31,28
DA:32,14
DA:33,6
DA:34,6
DA:38,1
DA:39,5
DA:40,12
DA:43,1
DA:44,4
DA:45,11
DA:51,1
DA:52,12
DA:53,3
DA:58,1
DA:59,5
DA:60,10
DA:63,10
DA:64,2
DA:66,8
DA:76,1
DA:77,3
DA:78,6
DA:82,6
DA:89,1
DA:90,2
DA:91,2
DA:99,1
DA:100,1
DA:103,1
LF:38
LH:38
BRDA:45,1,0,3
BRDA:45,1,1,8
BRDA:63,2,0,2
BRDA:63,2,1,8
BRDA:63,3,0,10
BRDA:63,3,1,4
BRF:6
BRH:6
end_of_record
